<?xml version="1.0" encoding="UTF-8"?>
<robot generator="Robot 3.2.2 (Python 3.10.5 on win32)" generated="20220728 12:35:36.502" rpa="false">
<suite id="s1" name="RobotFramework1" source="C:\Users\arunb\git\Robotproject_Bibin_1\RobotFramework1">
<suite id="s1-s1" name="Test" source="C:\Users\arunb\git\Robotproject_Bibin_1\RobotFramework1\Test">
<suite id="s1-s1-s1" name="Testsuite1" source="C:\Users\arunb\git\Robotproject_Bibin_1\RobotFramework1\Test\Testsuite1.robot">
<kw name="Log" library="BuiltIn" type="setup">
<doc>Logs the given message with the given level.</doc>
<arguments>
<arg>I am inside test suite setup</arg>
</arguments>
<msg timestamp="20220728 12:35:36.817" level="INFO">I am inside test suite setup</msg>
<status status="PASS" starttime="20220728 12:35:36.817" endtime="20220728 12:35:36.817"></status>
</kw>
<test id="s1-s1-s1-t1" name="SecondSeleniumTest">
<kw name="Log" library="BuiltIn" type="setup">
<doc>Logs the given message with the given level.</doc>
<arguments>
<arg>I am inside test setup</arg>
</arguments>
<msg timestamp="20220728 12:35:36.819" level="INFO">I am inside test setup</msg>
<status status="PASS" starttime="20220728 12:35:36.818" endtime="20220728 12:35:36.819"></status>
</kw>
<kw name="Log" library="BuiltIn">
<doc>Logs the given message with the given level.</doc>
<arguments>
<arg>Hello world...</arg>
</arguments>
<msg timestamp="20220728 12:35:36.820" level="INFO">Hello world...</msg>
<status status="PASS" starttime="20220728 12:35:36.819" endtime="20220728 12:35:36.821"></status>
</kw>
<kw name="Log" library="BuiltIn" type="teardown">
<doc>Logs the given message with the given level.</doc>
<arguments>
<arg>I am inside test teardown</arg>
</arguments>
<msg timestamp="20220728 12:35:36.822" level="INFO">I am inside test teardown</msg>
<status status="PASS" starttime="20220728 12:35:36.821" endtime="20220728 12:35:36.822"></status>
</kw>
<status status="PASS" starttime="20220728 12:35:36.817" endtime="20220728 12:35:36.822" critical="yes"></status>
</test>
<kw name="Log" library="BuiltIn" type="teardown">
<doc>Logs the given message with the given level.</doc>
<arguments>
<arg>I am inside test suite Teardown</arg>
</arguments>
<msg timestamp="20220728 12:35:36.824" level="INFO">I am inside test suite Teardown</msg>
<status status="PASS" starttime="20220728 12:35:36.824" endtime="20220728 12:35:36.825"></status>
</kw>
<status status="PASS" starttime="20220728 12:35:36.577" endtime="20220728 12:35:36.825"></status>
</suite>
<status status="PASS" starttime="20220728 12:35:36.574" endtime="20220728 12:35:36.827"></status>
</suite>
<status status="PASS" starttime="20220728 12:35:36.549" endtime="20220728 12:35:36.829"></status>
</suite>
<statistics>
<total>
<stat pass="1" fail="0">Critical Tests</stat>
<stat pass="1" fail="0">All Tests</stat>
</total>
<tag>
</tag>
<suite>
<stat pass="1" fail="0" id="s1" name="RobotFramework1">RobotFramework1</stat>
<stat pass="1" fail="0" id="s1-s1" name="Test">RobotFramework1.Test</stat>
<stat pass="1" fail="0" id="s1-s1-s1" name="Testsuite1">RobotFramework1.Test.Testsuite1</stat>
</suite>
</statistics>
<errors>
</errors>
</robot>
